<?xml version="1.0" encoding="UTF-8"?>
<!-- Generated by org.testng.reporters.JUnitReportReporter -->
<testsuite hostname="LAPTOP-QJ4Q7LEE" failures="0" tests="3" name="com.crm.qa.testcases.LoginPageTest" time="36.015" errors="0" timestamp="01 Jul 2021 06:19:02 GMT" skipped="0">
  <testcase classname="com.crm.qa.testcases.LoginPageTest" name="loginPageTitleTest" time="10.106"/>
  <testcase classname="com.crm.qa.testcases.LoginPageTest" name="crmLogoImageTest" time="9.209"/>
  <testcase classname="com.crm.qa.testcases.LoginPageTest" name="loginTest" time="16.700"/>
</testsuite> <!-- com.crm.qa.testcases.LoginPageTest -->
