<?xml version="1.0" encoding="UTF-8"?>
<!-- Generated by org.testng.reporters.JUnitReportReporter -->
<testsuite hostname="LAPTOP-QJ4Q7LEE" failures="0" tests="3" name="com.crm.qa.testcases.LoginPageTest" time="34.592" errors="0" timestamp="27 Jun 2021 16:03:09 GMT" skipped="0">
  <testcase classname="com.crm.qa.testcases.LoginPageTest" name="loginPageTitleTest" time="9.906"/>
  <testcase classname="com.crm.qa.testcases.LoginPageTest" name="crmLogoImageTest" time="9.015"/>
  <testcase classname="com.crm.qa.testcases.LoginPageTest" name="loginTest" time="15.671"/>
</testsuite> <!-- com.crm.qa.testcases.LoginPageTest -->
