<?xml version="1.0" encoding="UTF-8"?>
<!-- Generated by org.testng.reporters.JUnitReportReporter -->
<testsuite hostname="DESKTOP-F5D9864" failures="0" tests="3" name="com.crm.qa.testcases.HomePageTest" time="53.364" errors="0" timestamp="04 Jul 2021 13:27:11 GMT" skipped="0">
  <testcase classname="com.crm.qa.testcases.HomePageTest" name="verifyHomePageTitleTest" time="16.969"/>
  <testcase classname="com.crm.qa.testcases.HomePageTest" name="verifyUserNameTest" time="15.423"/>
  <testcase classname="com.crm.qa.testcases.HomePageTest" name="verifyContactsLinkTest" time="20.972"/>
</testsuite> <!-- com.crm.qa.testcases.HomePageTest -->
