<?xml version="1.0" encoding="UTF-8"?>
<!-- Generated by org.testng.reporters.JUnitReportReporter -->
<testsuite hostname="DESKTOP-F5D9864" failures="0" tests="3" name="com.crm.qa.testcases.LoginPageTest" time="46.176" errors="0" timestamp="04 Jul 2021 13:27:11 GMT" skipped="0">
  <testcase classname="com.crm.qa.testcases.LoginPageTest" name="loginPageTitleTest" time="12.105"/>
  <testcase classname="com.crm.qa.testcases.LoginPageTest" name="crmLogoImageTest" time="16.715"/>
  <testcase classname="com.crm.qa.testcases.LoginPageTest" name="loginTest" time="17.356"/>
</testsuite> <!-- com.crm.qa.testcases.LoginPageTest -->
