<?xml version="1.0" encoding="UTF-8"?>
<!-- Generated by org.testng.reporters.JUnitReportReporter -->
<testsuite hostname="LAPTOP-QJ4Q7LEE" failures="0" tests="3" name="com.crm.qa.testcases.ContactsPageTest" time="105.541" errors="0" timestamp="01 Jul 2021 06:15:18 GMT" skipped="0">
  <testcase classname="com.crm.qa.testcases.ContactsPageTest" name="verifyContactsPageLabel" time="35.763"/>
  <testcase classname="com.crm.qa.testcases.ContactsPageTest" name="selectSingleContactsTest" time="35.049"/>
  <testcase classname="com.crm.qa.testcases.ContactsPageTest" name="selectMultipleContactsTest" time="34.729"/>
</testsuite> <!-- com.crm.qa.testcases.ContactsPageTest -->
