<?xml version="1.0" encoding="UTF-8"?>
<!-- Generated by org.testng.reporters.JUnitReportReporter -->
<testsuite hostname="LAPTOP-QJ4Q7LEE" failures="0" tests="3" name="com.crm.qa.testcases.HomePageTest" time="56.330" errors="0" timestamp="01 Jul 2021 06:19:02 GMT" skipped="0">
  <testcase classname="com.crm.qa.testcases.HomePageTest" name="verifyHomePageTitleTest" time="18.125"/>
  <testcase classname="com.crm.qa.testcases.HomePageTest" name="verifyUserNameTest" time="22.243"/>
  <testcase classname="com.crm.qa.testcases.HomePageTest" name="verifyContactsLinkTest" time="15.962"/>
</testsuite> <!-- com.crm.qa.testcases.HomePageTest -->
